Build started 18/10/2016 7:22:57 PM.
     1>Project "C:\Users\Rudy\Desktop\MinMaxToe\RudeEngine\RudeEngine\RudeEngine.vcxproj" on node 2 (Build target(s)).
     1>ClCompile:
         C:\Program Files (x86)\Microsoft Visual Studio 14.0\VC\bin\CL.exe /c /IC:\Users\Rudy\Desktop\MinMaxToe\RudeEngine\RudeEngine\/include/ /ZI /nologo /W3 /WX- /sdl /Od /Oy- /D _MBCS /Gm /EHsc /RTC1 /MDd /GS /fp:precise /Zc:wchar_t /Zc:forScope /Zc:inline /Fo"Debug\\" /Fd"Debug\vc140.pdb" /Gd /TP /analyze- /errorReport:prompt Entity.cpp Errors.cpp Application.cpp main.cpp Mesh.cpp Objloader.cpp Scene.cpp ShaderProgram.cpp SoundSystem.cpp Text.cpp Texture.cpp Timer.cpp Utilities.cpp
         Utilities.cpp
         Timer.cpp
         Texture.cpp
         Text.cpp
         SoundSystem.cpp
         ShaderProgram.cpp
         Scene.cpp
         Objloader.cpp
         Mesh.cpp
         main.cpp
         Application.cpp
         GLM: perspective function taking degrees as a parameter is deprecated. #define GLM_FORCE_RADIANS before including GLM headers to remove this message.
         Errors.cpp
         Entity.cpp
         GLM: rotate function taking degrees as a parameter is deprecated. #define GLM_FORCE_RADIANS before including GLM headers to remove this message.
         Generating Code...
       Link:
         C:\Program Files (x86)\Microsoft Visual Studio 14.0\VC\bin\link.exe /ERRORREPORT:PROMPT /OUT:"C:\Users\Rudy\Desktop\MinMaxToe\RudeEngine\Debug\RudeEngine.exe" /INCREMENTAL /NOLOGO /LIBPATH:C:\Users\Rudy\Desktop\MinMaxToe\RudeEngine\RudeEngine\/lib/ kernel32.lib user32.lib gdi32.lib winspool.lib comdlg32.lib advapi32.lib shell32.lib ole32.lib oleaut32.lib uuid.lib odbc32.lib odbccp32.lib /MANIFEST /MANIFESTUAC:"level='asInvoker' uiAccess='false'" /manifest:embed /Debug /PDB:"C:\Users\Rudy\Desktop\MinMaxToe\RudeEngine\Debug\RudeEngine.pdb" /TLBID:1 /DYNAMICBASE /NXCOMPAT /IMPLIB:"C:\Users\Rudy\Desktop\MinMaxToe\RudeEngine\Debug\RudeEngine.lib" /MACHINE:X86 Debug\Entity.obj
         Debug\Errors.obj
         Debug\Application.obj
         Debug\main.obj
         Debug\Mesh.obj
         Debug\Objloader.obj
         Debug\Scene.obj
         Debug\ShaderProgram.obj
         Debug\SoundSystem.obj
         Debug\Text.obj
         Debug\Texture.obj
         Debug\Timer.obj
         Debug\Utilities.obj
     1>Entity.obj : error LNK2001: unresolved external symbol __imp____glewBindVertexArray
     1>Mesh.obj : error LNK2001: unresolved external symbol __imp____glewBindVertexArray
     1>Text.obj : error LNK2001: unresolved external symbol __imp____glewBindVertexArray
     1>Utilities.obj : error LNK2001: unresolved external symbol __imp____glewBindVertexArray
     1>Application.obj : error LNK2019: unresolved external symbol _FT_Set_Pixel_Sizes referenced in function "public: void __thiscall Application::renderText(void)" (?renderText@Application@@QAEXXZ)
     1>main.obj : error LNK2019: unresolved external symbol __imp__glewInit@0 referenced in function _main
     1>main.obj : error LNK2001: unresolved external symbol __imp__glewExperimental
     1>Mesh.obj : error LNK2001: unresolved external symbol __imp____glewBindBuffer
     1>Text.obj : error LNK2001: unresolved external symbol __imp____glewBindBuffer
     1>Utilities.obj : error LNK2001: unresolved external symbol __imp____glewBindBuffer
     1>Mesh.obj : error LNK2001: unresolved external symbol __imp____glewBufferData
     1>Text.obj : error LNK2001: unresolved external symbol __imp____glewBufferData
     1>Utilities.obj : error LNK2001: unresolved external symbol __imp____glewBufferData
     1>Mesh.obj : error LNK2001: unresolved external symbol __imp____glewDeleteBuffers
     1>Mesh.obj : error LNK2001: unresolved external symbol __imp____glewGenBuffers
     1>Text.obj : error LNK2001: unresolved external symbol __imp____glewGenBuffers
     1>Utilities.obj : error LNK2001: unresolved external symbol __imp____glewGenBuffers
     1>Mesh.obj : error LNK2001: unresolved external symbol __imp____glewEnableVertexAttribArray
     1>Text.obj : error LNK2001: unresolved external symbol __imp____glewEnableVertexAttribArray
     1>Utilities.obj : error LNK2001: unresolved external symbol __imp____glewEnableVertexAttribArray
     1>Mesh.obj : error LNK2001: unresolved external symbol __imp____glewVertexAttribPointer
     1>Text.obj : error LNK2001: unresolved external symbol __imp____glewVertexAttribPointer
     1>Utilities.obj : error LNK2001: unresolved external symbol __imp____glewVertexAttribPointer
     1>Mesh.obj : error LNK2001: unresolved external symbol __imp____glewDeleteVertexArrays
     1>Mesh.obj : error LNK2001: unresolved external symbol __imp____glewGenVertexArrays
     1>Text.obj : error LNK2001: unresolved external symbol __imp____glewGenVertexArrays
     1>Utilities.obj : error LNK2001: unresolved external symbol __imp____glewGenVertexArrays
     1>ShaderProgram.obj : error LNK2001: unresolved external symbol __imp____glewAttachShader
     1>ShaderProgram.obj : error LNK2001: unresolved external symbol __imp____glewBindAttribLocation
     1>ShaderProgram.obj : error LNK2001: unresolved external symbol __imp____glewCompileShader
     1>ShaderProgram.obj : error LNK2001: unresolved external symbol __imp____glewCreateProgram
     1>ShaderProgram.obj : error LNK2001: unresolved external symbol __imp____glewCreateShader
     1>ShaderProgram.obj : error LNK2001: unresolved external symbol __imp____glewDeleteProgram
     1>ShaderProgram.obj : error LNK2001: unresolved external symbol __imp____glewDeleteShader
     1>ShaderProgram.obj : error LNK2001: unresolved external symbol __imp____glewDetachShader
     1>ShaderProgram.obj : error LNK2001: unresolved external symbol __imp____glewGetAttribLocation
     1>ShaderProgram.obj : error LNK2001: unresolved external symbol __imp____glewGetProgramInfoLog
     1>ShaderProgram.obj : error LNK2001: unresolved external symbol __imp____glewGetProgramiv
     1>ShaderProgram.obj : error LNK2001: unresolved external symbol __imp____glewGetShaderInfoLog
     1>ShaderProgram.obj : error LNK2001: unresolved external symbol __imp____glewGetShaderiv
     1>ShaderProgram.obj : error LNK2001: unresolved external symbol __imp____glewGetUniformLocation
     1>ShaderProgram.obj : error LNK2001: unresolved external symbol __imp____glewLinkProgram
     1>ShaderProgram.obj : error LNK2001: unresolved external symbol __imp____glewShaderSource
     1>ShaderProgram.obj : error LNK2001: unresolved external symbol __imp____glewUniform1f
     1>ShaderProgram.obj : error LNK2001: unresolved external symbol __imp____glewUniform1i
     1>ShaderProgram.obj : error LNK2001: unresolved external symbol __imp____glewUniform2f
     1>ShaderProgram.obj : error LNK2001: unresolved external symbol __imp____glewUniform3f
     1>ShaderProgram.obj : error LNK2001: unresolved external symbol __imp____glewUniform4f
     1>ShaderProgram.obj : error LNK2001: unresolved external symbol __imp____glewUniformMatrix3fv
     1>ShaderProgram.obj : error LNK2001: unresolved external symbol __imp____glewUniformMatrix4fv
     1>ShaderProgram.obj : error LNK2001: unresolved external symbol __imp____glewUseProgram
     1>ShaderProgram.obj : error LNK2001: unresolved external symbol __imp____glewUniform1ui
     1>SoundSystem.obj : error LNK2019: unresolved external symbol _FMOD_System_Create@4 referenced in function "enum FMOD_RESULT __cdecl FMOD::System_Create(class FMOD::System * *)" (?System_Create@FMOD@@YA?AW4FMOD_RESULT@@PAPAVSystem@1@@Z)
     1>SoundSystem.obj : error LNK2019: unresolved external symbol "public: enum FMOD_RESULT __stdcall FMOD::System::release(void)" (?release@System@FMOD@@QAG?AW4FMOD_RESULT@@XZ) referenced in function "public: __thiscall SoundSystem::~SoundSystem(void)" (??1SoundSystem@@QAE@XZ)
     1>SoundSystem.obj : error LNK2019: unresolved external symbol "public: enum FMOD_RESULT __stdcall FMOD::System::setOutput(enum FMOD_OUTPUTTYPE)" (?setOutput@System@FMOD@@QAG?AW4FMOD_RESULT@@W4FMOD_OUTPUTTYPE@@@Z) referenced in function "public: void __thiscall SoundSystem::init(void)" (?init@SoundSystem@@QAEXXZ)
     1>SoundSystem.obj : error LNK2019: unresolved external symbol "public: enum FMOD_RESULT __stdcall FMOD::System::getNumDrivers(int *)" (?getNumDrivers@System@FMOD@@QAG?AW4FMOD_RESULT@@PAH@Z) referenced in function "public: void __thiscall SoundSystem::init(void)" (?init@SoundSystem@@QAEXXZ)
     1>SoundSystem.obj : error LNK2019: unresolved external symbol "public: enum FMOD_RESULT __stdcall FMOD::System::init(int,unsigned int,void *)" (?init@System@FMOD@@QAG?AW4FMOD_RESULT@@HIPAX@Z) referenced in function "public: void __thiscall SoundSystem::init(void)" (?init@SoundSystem@@QAEXXZ)
     1>SoundSystem.obj : error LNK2019: unresolved external symbol "public: enum FMOD_RESULT __stdcall FMOD::System::close(void)" (?close@System@FMOD@@QAG?AW4FMOD_RESULT@@XZ) referenced in function "public: __thiscall SoundSystem::~SoundSystem(void)" (??1SoundSystem@@QAE@XZ)
     1>SoundSystem.obj : error LNK2019: unresolved external symbol "public: enum FMOD_RESULT __stdcall FMOD::System::update(void)" (?update@System@FMOD@@QAG?AW4FMOD_RESULT@@XZ) referenced in function "public: void __thiscall SoundSystem::update(void)" (?update@SoundSystem@@QAEXXZ)
     1>SoundSystem.obj : error LNK2019: unresolved external symbol "public: enum FMOD_RESULT __stdcall FMOD::System::set3DSettings(float,float,float)" (?set3DSettings@System@FMOD@@QAG?AW4FMOD_RESULT@@MMM@Z) referenced in function "public: void __thiscall SoundSystem::init(void)" (?init@SoundSystem@@QAEXXZ)
     1>SoundSystem.obj : error LNK2019: unresolved external symbol "public: enum FMOD_RESULT __stdcall FMOD::System::set3DListenerAttributes(int,struct FMOD_VECTOR const *,struct FMOD_VECTOR const *,struct FMOD_VECTOR const *,struct FMOD_VECTOR const *)" (?set3DListenerAttributes@System@FMOD@@QAG?AW4FMOD_RESULT@@HPBUFMOD_VECTOR@@000@Z) referenced in function "public: void __thiscall SoundSystem::setListener(struct glm::detail::tvec3<float,0>,struct glm::detail::tvec3<float,0>,struct glm::detail::tvec3<float,0>)" (?setListener@SoundSystem@@QAEXU?$tvec3@M$0A@@detail@glm@@00@Z)
     1>SoundSystem.obj : error LNK2019: unresolved external symbol "public: enum FMOD_RESULT __stdcall FMOD::System::getVersion(unsigned int *)" (?getVersion@System@FMOD@@QAG?AW4FMOD_RESULT@@PAI@Z) referenced in function "public: void __thiscall SoundSystem::init(void)" (?init@SoundSystem@@QAEXXZ)
     1>SoundSystem.obj : error LNK2019: unresolved external symbol "public: enum FMOD_RESULT __stdcall FMOD::System::createSound(char const *,unsigned int,struct FMOD_CREATESOUNDEXINFO *,class FMOD::Sound * *)" (?createSound@System@FMOD@@QAG?AW4FMOD_RESULT@@PBDIPAUFMOD_CREATESOUNDEXINFO@@PAPAVSound@2@@Z) referenced in function "public: void __thiscall SoundSystem::createSound(char const *,int,struct glm::detail::tvec3<float,0>)" (?createSound@SoundSystem@@QAEXPBDHU?$tvec3@M$0A@@detail@glm@@@Z)
     1>SoundSystem.obj : error LNK2019: unresolved external symbol "public: enum FMOD_RESULT __stdcall FMOD::System::playSound(class FMOD::Sound *,class FMOD::ChannelGroup *,bool,class FMOD::Channel * *)" (?playSound@System@FMOD@@QAG?AW4FMOD_RESULT@@PAVSound@2@PAVChannelGroup@2@_NPAPAVChannel@2@@Z) referenced in function "private: void __thiscall SoundSystem::setChannel(class FMOD::Sound *,int,struct glm::detail::tvec3<float,0>)" (?setChannel@SoundSystem@@AAEXPAVSound@FMOD@@HU?$tvec3@M$0A@@detail@glm@@@Z)
     1>SoundSystem.obj : error LNK2019: unresolved external symbol "public: enum FMOD_RESULT __stdcall FMOD::Sound::set3DMinMaxDistance(float,float)" (?set3DMinMaxDistance@Sound@FMOD@@QAG?AW4FMOD_RESULT@@MM@Z) referenced in function "public: void __thiscall SoundSystem::createSound(char const *,int,struct glm::detail::tvec3<float,0>)" (?createSound@SoundSystem@@QAEXPBDHU?$tvec3@M$0A@@detail@glm@@@Z)
     1>SoundSystem.obj : error LNK2019: unresolved external symbol "public: enum FMOD_RESULT __stdcall FMOD::Sound::setMode(unsigned int)" (?setMode@Sound@FMOD@@QAG?AW4FMOD_RESULT@@I@Z) referenced in function "public: void __thiscall SoundSystem::createSound(char const *,int,struct glm::detail::tvec3<float,0>)" (?createSound@SoundSystem@@QAEXPBDHU?$tvec3@M$0A@@detail@glm@@@Z)
     1>SoundSystem.obj : error LNK2019: unresolved external symbol "public: enum FMOD_RESULT __stdcall FMOD::ChannelControl::setPaused(bool)" (?setPaused@ChannelControl@FMOD@@QAG?AW4FMOD_RESULT@@_N@Z) referenced in function "private: void __thiscall SoundSystem::setChannel(class FMOD::Sound *,int,struct glm::detail::tvec3<float,0>)" (?setChannel@SoundSystem@@AAEXPAVSound@FMOD@@HU?$tvec3@M$0A@@detail@glm@@@Z)
     1>SoundSystem.obj : error LNK2019: unresolved external symbol "public: enum FMOD_RESULT __stdcall FMOD::ChannelControl::set3DAttributes(struct FMOD_VECTOR const *,struct FMOD_VECTOR const *,struct FMOD_VECTOR const *)" (?set3DAttributes@ChannelControl@FMOD@@QAG?AW4FMOD_RESULT@@PBUFMOD_VECTOR@@00@Z) referenced in function "private: void __thiscall SoundSystem::setChannel(class FMOD::Sound *,int,struct glm::detail::tvec3<float,0>)" (?setChannel@SoundSystem@@AAEXPAVSound@FMOD@@HU?$tvec3@M$0A@@detail@glm@@@Z)
     1>Text.obj : error LNK2019: unresolved external symbol _FT_Init_FreeType referenced in function "public: int __thiscall Text::Init(void)" (?Init@Text@@QAEHXZ)
     1>Text.obj : error LNK2019: unresolved external symbol _FT_New_Face referenced in function "public: int __thiscall Text::Init(void)" (?Init@Text@@QAEHXZ)
     1>Text.obj : error LNK2019: unresolved external symbol _FT_Load_Char referenced in function "public: void __thiscall Text::Render(char const *,float,float,float,float)" (?Render@Text@@QAEXPBDMMMM@Z)
     1>Text.obj : error LNK2001: unresolved external symbol __imp____glewActiveTexture
     1>Text.obj : error LNK2001: unresolved external symbol __imp____glewDisableVertexAttribArray
     1>Texture.obj : error LNK2019: unresolved external symbol _SOIL_load_OGL_texture referenced in function "public: void __thiscall Texture::Load(class std::basic_string<char,struct std::char_traits<char>,class std::allocator<char> > const &)" (?Load@Texture@@QAEXABV?$basic_string@DU?$char_traits@D@std@@V?$allocator@D@2@@std@@@Z)
     1>Texture.obj : error LNK2019: unresolved external symbol _SOIL_last_result referenced in function "public: void __thiscall Texture::Load(class std::basic_string<char,struct std::char_traits<char>,class std::allocator<char> > const &)" (?Load@Texture@@QAEXABV?$basic_string@DU?$char_traits@D@std@@V?$allocator@D@2@@std@@@Z)
     1>C:\Users\Rudy\Desktop\MinMaxToe\RudeEngine\Debug\RudeEngine.exe : fatal error LNK1120: 60 unresolved externals
     1>Done Building Project "C:\Users\Rudy\Desktop\MinMaxToe\RudeEngine\RudeEngine\RudeEngine.vcxproj" (Build target(s)) -- FAILED.

Build FAILED.

Time Elapsed 00:00:07.76
