Build started 18/10/2016 7:23:11 PM.
     1>Project "C:\Users\Rudy\Desktop\MinMaxToe\RudeEngine\RudeEngine\RudeEngine.vcxproj" on node 2 (Build target(s)).
     1>ClCompile:
         C:\Program Files (x86)\Microsoft Visual Studio 14.0\VC\bin\CL.exe /c /I./include /Zi /nologo /W3 /WX- /sdl /O2 /Oi /Oy- /GL /D _MBCS /Gm- /EHsc /MD /GS /Gy /fp:precise /Zc:wchar_t /Zc:forScope /Zc:inline /Fo"Release\\" /Fd"Release\vc140.pdb" /Gd /TP /analyze- /errorReport:prompt Entity.cpp Errors.cpp Application.cpp main.cpp Mesh.cpp Objloader.cpp Scene.cpp ShaderProgram.cpp SoundSystem.cpp Text.cpp Texture.cpp Timer.cpp Utilities.cpp
         Entity.cpp
         GLM: rotate function taking degrees as a parameter is deprecated. #define GLM_FORCE_RADIANS before including GLM headers to remove this message.
         Errors.cpp
         Application.cpp
         GLM: perspective function taking degrees as a parameter is deprecated. #define GLM_FORCE_RADIANS before including GLM headers to remove this message.
         main.cpp
         Mesh.cpp
         Objloader.cpp
         Scene.cpp
         ShaderProgram.cpp
         SoundSystem.cpp
         Text.cpp
         Texture.cpp
         Timer.cpp
         Utilities.cpp
       Link:
         C:\Program Files (x86)\Microsoft Visual Studio 14.0\VC\bin\link.exe /ERRORREPORT:PROMPT /OUT:"C:\Users\Rudy\Desktop\MinMaxToe\RudeEngine\Release\RudeEngine.exe" /NOLOGO /LIBPATH:C:\Users\Rudy\Desktop\MinMaxToe\RudeEngine\RudeEngine\/lib/ fmod_vc.lib legacy_stdio_definitions.lib freeglut.lib freetype255.lib SOIL_ext.lib glew32.lib kernel32.lib user32.lib gdi32.lib winspool.lib comdlg32.lib advapi32.lib shell32.lib ole32.lib oleaut32.lib uuid.lib odbc32.lib odbccp32.lib /MANIFEST /MANIFESTUAC:"level='asInvoker' uiAccess='false'" /manifest:embed /Debug /PDB:"C:\Users\Rudy\Desktop\MinMaxToe\RudeEngine\Release\RudeEngine.pdb" /OPT:REF /OPT:ICF /LTCG:incremental /TLBID:1 /DYNAMICBASE /NXCOMPAT /IMPLIB:"C:\Users\Rudy\Desktop\MinMaxToe\RudeEngine\Release\RudeEngine.lib" /MACHINE:X86 /SAFESEH Release\Entity.obj
         Release\Errors.obj
         Release\Application.obj
         Release\main.obj
         Release\Mesh.obj
         Release\Objloader.obj
         Release\Scene.obj
         Release\ShaderProgram.obj
         Release\SoundSystem.obj
         Release\Text.obj
         Release\Texture.obj
         Release\Timer.obj
         Release\Utilities.obj
     1>LINK : warning LNK4098: defaultlib 'MSVCRTD' conflicts with use of other libs; use /NODEFAULTLIB:library
         Generating code
         All 877 functions were compiled because no usable IPDB/IOBJ from previous compilation was found.
         Finished generating code
         RudeEngine.vcxproj -> C:\Users\Rudy\Desktop\MinMaxToe\RudeEngine\Release\RudeEngine.exe
     1>Done Building Project "C:\Users\Rudy\Desktop\MinMaxToe\RudeEngine\RudeEngine\RudeEngine.vcxproj" (Build target(s)).

Build succeeded.

Time Elapsed 00:00:06.88
